<?xml version="1.0" encoding="UTF-8"?>
<testng-results ignored="0" total="1" passed="1" failed="0" skipped="0">
  <reporter-output>
  </reporter-output>
  <suite started-at="2024-07-12T22:19:06 IST" name="InetBanking" finished-at="2024-07-12T22:19:23 IST" duration-ms="17049">
    <groups>
    </groups>
    <test started-at="2024-07-12T22:19:06 IST" name="Banking Test" finished-at="2024-07-12T22:19:23 IST" duration-ms="17049">
      <class name="com.inetbanking.TestCases.TC_login001">
        <test-method is-config="true" signature="setUp()[pri:0, instance:com.inetbanking.TestCases.TC_login001@26d9b808]" started-at="2024-07-12T22:19:06 IST" name="setUp" finished-at="2024-07-12T22:19:18 IST" duration-ms="11456" status="PASS">
          <reporter-output>
          </reporter-output>
        </test-method> <!-- setUp -->
        <test-method signature="loginTest()[pri:0, instance:com.inetbanking.TestCases.TC_login001@26d9b808]" started-at="2024-07-12T22:19:18 IST" name="loginTest" finished-at="2024-07-12T22:19:23 IST" duration-ms="4919" status="PASS">
          <reporter-output>
          </reporter-output>
        </test-method> <!-- loginTest -->
        <test-method is-config="true" signature="tearDown()[pri:0, instance:com.inetbanking.TestCases.TC_login001@26d9b808]" started-at="2024-07-12T22:19:23 IST" name="tearDown" finished-at="2024-07-12T22:19:23 IST" duration-ms="282" status="PASS">
          <reporter-output>
          </reporter-output>
        </test-method> <!-- tearDown -->
      </class> <!-- com.inetbanking.TestCases.TC_login001 -->
    </test> <!-- Banking Test -->
  </suite> <!-- InetBanking -->
</testng-results>
