<?xml version="1.0" encoding="UTF-8"?>
<testng-results ignored="0" total="1" passed="1" failed="0" skipped="0">
  <reporter-output>
  </reporter-output>
  <suite started-at="2024-07-11T09:58:38 IST" name="InetBanking" finished-at="2024-07-11T09:58:48 IST" duration-ms="9758">
    <groups>
    </groups>
    <test started-at="2024-07-11T09:58:38 IST" name="Banking Test" finished-at="2024-07-11T09:58:48 IST" duration-ms="9758">
      <class name="com.inetbanking.TestCases.TC_login001">
        <test-method is-config="true" signature="setUp()[pri:0, instance:com.inetbanking.TestCases.TC_login001@7e6f74c]" started-at="2024-07-11T09:58:38 IST" name="setUp" finished-at="2024-07-11T09:58:44 IST" duration-ms="5633" status="PASS">
          <reporter-output>
          </reporter-output>
        </test-method> <!-- setUp -->
        <test-method signature="loginTest()[pri:0, instance:com.inetbanking.TestCases.TC_login001@7e6f74c]" started-at="2024-07-11T09:58:44 IST" name="loginTest" finished-at="2024-07-11T09:58:47 IST" duration-ms="3382" status="PASS">
          <reporter-output>
          </reporter-output>
        </test-method> <!-- loginTest -->
        <test-method is-config="true" signature="tearDown()[pri:0, instance:com.inetbanking.TestCases.TC_login001@7e6f74c]" started-at="2024-07-11T09:58:48 IST" name="tearDown" finished-at="2024-07-11T09:58:48 IST" duration-ms="203" status="PASS">
          <reporter-output>
          </reporter-output>
        </test-method> <!-- tearDown -->
      </class> <!-- com.inetbanking.TestCases.TC_login001 -->
    </test> <!-- Banking Test -->
  </suite> <!-- InetBanking -->
</testng-results>
